build/app/intermediates/manifest_merge_blame_file/release/manifest-merger-blame-release-report.txt
1<?xml version="1.0" encoding="utf-8"?>
2<manifest xmlns:android="http://schemas.android.com/apk/res/android"
3    package="com.exmaple.huna"
4    android:versionCode="1"
5    android:versionName="1.0.0" >
6
7    <uses-sdk
8        android:minSdkVersion="21"
8-->src\main\AndroidManifest.xml
9        android:targetSdkVersion="29" />
9-->src\main\AndroidManifest.xml
10
11    <uses-permission android:name="android.permission.INTERNET" />
11-->src\main\AndroidManifest.xml:4:5-67
11-->src\main\AndroidManifest.xml:4:22-64
12    <uses-permission android:name="android.permission.ACCESS_FINE_LOCATION" />
12-->src\main\AndroidManifest.xml:5:5-78
12-->src\main\AndroidManifest.xml:5:22-76
13    <uses-permission android:name="android.permission.ACCESS_COARSE_LOCATION" />
13-->[:location] AndroidManifest.xml:7:5-81
13-->[:location] AndroidManifest.xml:7:22-78
14    <uses-permission android:name="android.permission.READ_EXTERNAL_STORAGE" />
14-->[:image_picker] AndroidManifest.xml:7:5-80
14-->[:image_picker] AndroidManifest.xml:7:22-77
15    <uses-permission android:name="android.permission.WRITE_EXTERNAL_STORAGE" /> <!-- Include required permissions for Google Maps API to run. -->
15-->[:image_picker] AndroidManifest.xml:8:5-81
15-->[:image_picker] AndroidManifest.xml:8:22-78
16    <uses-permission android:name="android.permission.ACCESS_NETWORK_STATE" />
16-->[com.google.android.gms:play-services-maps:17.0.0] AndroidManifest.xml:23:5-79
16-->[com.google.android.gms:play-services-maps:17.0.0] AndroidManifest.xml:23:22-76
17
18    <uses-feature
18-->[com.google.android.gms:play-services-maps:17.0.0] AndroidManifest.xml:26:5-28:35
19        android:glEsVersion="0x00020000"
19-->[com.google.android.gms:play-services-maps:17.0.0] AndroidManifest.xml:27:9-41
20        android:required="true" />
20-->[com.google.android.gms:play-services-maps:17.0.0] AndroidManifest.xml:28:9-32
21
22    <uses-permission android:name="android.permission.WAKE_LOCK" /> <!-- Required by older versions of Google Play services to create IID tokens -->
22-->[com.google.firebase:firebase-iid:21.0.1] AndroidManifest.xml:24:5-68
22-->[com.google.firebase:firebase-iid:21.0.1] AndroidManifest.xml:24:22-65
23    <uses-permission android:name="com.google.android.c2dm.permission.RECEIVE" />
23-->[com.google.firebase:firebase-iid:21.0.1] AndroidManifest.xml:26:5-82
23-->[com.google.firebase:firebase-iid:21.0.1] AndroidManifest.xml:26:22-79
24
25    <application
25-->src\main\AndroidManifest.xml:7:5-32:19
26        android:name="io.flutter.app.FlutterApplication"
26-->src\main\AndroidManifest.xml:8:9-57
27        android:appComponentFactory="androidx.core.app.CoreComponentFactory"
27-->[androidx.core:core:1.3.2] AndroidManifest.xml:24:18-86
28        android:icon="@mipmap/ic_launcher"
28-->src\main\AndroidManifest.xml:10:9-43
29        android:label="huna" >
29-->src\main\AndroidManifest.xml:9:9-29
30        <meta-data
30-->src\main\AndroidManifest.xml:12:9-13:73
31            android:name="com.google.android.geo.API_KEY"
31-->src\main\AndroidManifest.xml:12:20-65
32            android:value="AIzaSyA4-_FPY4lT-89lzerQumcnIRkjALK4ljM" />
32-->src\main\AndroidManifest.xml:13:16-71
33
34        <activity
34-->src\main\AndroidManifest.xml:15:9-26:20
35            android:name="com.example.huna.MainActivity"
35-->src\main\AndroidManifest.xml:16:13-41
36            android:configChanges="orientation|keyboardHidden|keyboard|screenSize|smallestScreenSize|locale|layoutDirection|fontScale|screenLayout|density|uiMode"
36-->src\main\AndroidManifest.xml:19:13-163
37            android:hardwareAccelerated="true"
37-->src\main\AndroidManifest.xml:20:13-47
38            android:launchMode="singleTop"
38-->src\main\AndroidManifest.xml:17:13-43
39            android:theme="@style/LaunchTheme"
39-->src\main\AndroidManifest.xml:18:13-47
40            android:windowSoftInputMode="adjustResize" >
40-->src\main\AndroidManifest.xml:21:13-55
41            <intent-filter>
41-->src\main\AndroidManifest.xml:22:13-25:29
42                <action android:name="android.intent.action.MAIN" />
42-->src\main\AndroidManifest.xml:23:17-68
42-->src\main\AndroidManifest.xml:23:25-66
43
44                <category android:name="android.intent.category.LAUNCHER" />
44-->src\main\AndroidManifest.xml:24:17-76
44-->src\main\AndroidManifest.xml:24:27-74
45            </intent-filter>
46        </activity>
47        <!--
48             Don't delete the meta-data below.
49             This is used by the Flutter tool to generate GeneratedPluginRegistrant.java
50        -->
51        <meta-data
51-->src\main\AndroidManifest.xml:29:9-31:33
52            android:name="flutterEmbedding"
52-->src\main\AndroidManifest.xml:30:13-44
53            android:value="2" />
53-->src\main\AndroidManifest.xml:31:13-30
54
55        <service
55-->[:location] AndroidManifest.xml:11:9-15:56
56            android:name="com.lyokone.location.FlutterLocationService"
56-->[:location] AndroidManifest.xml:12:13-71
57            android:enabled="true"
57-->[:location] AndroidManifest.xml:13:13-35
58            android:exported="false"
58-->[:location] AndroidManifest.xml:14:13-37
59            android:foregroundServiceType="location" />
59-->[:location] AndroidManifest.xml:15:13-53
60        <service android:name="io.flutter.plugins.firebasemessaging.FlutterFirebaseMessagingService" >
60-->[:firebase_messaging] AndroidManifest.xml:8:9-12:19
60-->[:firebase_messaging] AndroidManifest.xml:8:18-101
61            <intent-filter>
61-->[:firebase_messaging] AndroidManifest.xml:9:13-11:29
62                <action android:name="com.google.firebase.MESSAGING_EVENT" />
62-->[:firebase_messaging] AndroidManifest.xml:10:17-78
62-->[:firebase_messaging] AndroidManifest.xml:10:25-75
63            </intent-filter>
64        </service>
65        <service
65-->[:firebase_messaging] AndroidManifest.xml:13:9-17:19
66            android:name="com.google.firebase.components.ComponentDiscoveryService"
66-->[:firebase_messaging] AndroidManifest.xml:13:18-89
67            android:directBootAware="true"
67-->[com.google.firebase:firebase-common:19.5.0] AndroidManifest.xml:35:13-43
68            android:exported="false" >
68-->[com.google.firebase:firebase-messaging:21.0.1] AndroidManifest.xml:38:13-37
69            <meta-data
69-->[:firebase_messaging] AndroidManifest.xml:14:13-16:85
70                android:name="com.google.firebase.components:io.flutter.plugins.firebasemessaging.FlutterFirebaseAppRegistrar"
70-->[:firebase_messaging] AndroidManifest.xml:15:17-127
71                android:value="com.google.firebase.components.ComponentRegistrar" />
71-->[:firebase_messaging] AndroidManifest.xml:16:17-82
72            <meta-data
72-->[:cloud_firestore] AndroidManifest.xml:9:13-11:85
73                android:name="com.google.firebase.components:io.flutter.plugins.firebase.firestore.FlutterFirebaseFirestoreRegistrar"
73-->[:cloud_firestore] AndroidManifest.xml:10:17-134
74                android:value="com.google.firebase.components.ComponentRegistrar" />
74-->[:cloud_firestore] AndroidManifest.xml:11:17-82
75            <meta-data
75-->[:firebase_auth] AndroidManifest.xml:9:13-11:85
76                android:name="com.google.firebase.components:io.flutter.plugins.firebase.auth.FlutterFirebaseAuthRegistrar"
76-->[:firebase_auth] AndroidManifest.xml:10:17-124
77                android:value="com.google.firebase.components.ComponentRegistrar" />
77-->[:firebase_auth] AndroidManifest.xml:11:17-82
78            <meta-data
78-->[:cloud_functions] AndroidManifest.xml:9:13-11:85
79                android:name="com.google.firebase.components:io.flutter.plugins.firebase.functions.FlutterFirebaseAppRegistrar"
79-->[:cloud_functions] AndroidManifest.xml:10:17-128
80                android:value="com.google.firebase.components.ComponentRegistrar" />
80-->[:cloud_functions] AndroidManifest.xml:11:17-82
81            <meta-data
81-->[:firebase_storage] AndroidManifest.xml:9:13-11:85
82                android:name="com.google.firebase.components:io.flutter.plugins.firebase.storage.FlutterFirebaseAppRegistrar"
82-->[:firebase_storage] AndroidManifest.xml:10:17-126
83                android:value="com.google.firebase.components.ComponentRegistrar" />
83-->[:firebase_storage] AndroidManifest.xml:11:17-82
84            <meta-data
84-->[:firebase_core] AndroidManifest.xml:9:13-11:85
85                android:name="com.google.firebase.components:io.flutter.plugins.firebase.core.FlutterFirebaseCoreRegistrar"
85-->[:firebase_core] AndroidManifest.xml:10:17-124
86                android:value="com.google.firebase.components.ComponentRegistrar" />
86-->[:firebase_core] AndroidManifest.xml:11:17-82
87            <meta-data
87-->[com.google.firebase:firebase-messaging:21.0.1] AndroidManifest.xml:39:13-41:85
88                android:name="com.google.firebase.components:com.google.firebase.messaging.FirebaseMessagingRegistrar"
88-->[com.google.firebase:firebase-messaging:21.0.1] AndroidManifest.xml:40:17-119
89                android:value="com.google.firebase.components.ComponentRegistrar" />
89-->[com.google.firebase:firebase-messaging:21.0.1] AndroidManifest.xml:41:17-82
90            <meta-data
90-->[com.google.firebase:firebase-functions:19.2.0] AndroidManifest.xml:18:13-20:85
91                android:name="com.google.firebase.components:com.google.firebase.functions.FunctionsRegistrar"
91-->[com.google.firebase:firebase-functions:19.2.0] AndroidManifest.xml:19:17-111
92                android:value="com.google.firebase.components.ComponentRegistrar" />
92-->[com.google.firebase:firebase-functions:19.2.0] AndroidManifest.xml:20:17-82
93            <meta-data
93-->[com.google.firebase:firebase-auth:20.0.1] AndroidManifest.xml:77:13-79:85
94                android:name="com.google.firebase.components:com.google.firebase.auth.FirebaseAuthRegistrar"
94-->[com.google.firebase:firebase-auth:20.0.1] AndroidManifest.xml:78:17-109
95                android:value="com.google.firebase.components.ComponentRegistrar" />
95-->[com.google.firebase:firebase-auth:20.0.1] AndroidManifest.xml:79:17-82
96            <meta-data
96-->[com.google.firebase:firebase-firestore:22.0.1] AndroidManifest.xml:20:13-22:85
97                android:name="com.google.firebase.components:com.google.firebase.firestore.FirestoreRegistrar"
97-->[com.google.firebase:firebase-firestore:22.0.1] AndroidManifest.xml:21:17-111
98                android:value="com.google.firebase.components.ComponentRegistrar" />
98-->[com.google.firebase:firebase-firestore:22.0.1] AndroidManifest.xml:22:17-82
99            <meta-data
99-->[com.google.firebase:firebase-storage:19.2.1] AndroidManifest.xml:33:13-35:85
100                android:name="com.google.firebase.components:com.google.firebase.storage.StorageRegistrar"
100-->[com.google.firebase:firebase-storage:19.2.1] AndroidManifest.xml:34:17-107
101                android:value="com.google.firebase.components.ComponentRegistrar" />
101-->[com.google.firebase:firebase-storage:19.2.1] AndroidManifest.xml:35:17-82
102            <meta-data
102-->[com.google.firebase:firebase-iid:21.0.1] AndroidManifest.xml:32:13-34:85
103                android:name="com.google.firebase.components:com.google.firebase.iid.Registrar"
103-->[com.google.firebase:firebase-iid:21.0.1] AndroidManifest.xml:33:17-96
104                android:value="com.google.firebase.components.ComponentRegistrar" />
104-->[com.google.firebase:firebase-iid:21.0.1] AndroidManifest.xml:34:17-82
105            <meta-data
105-->[com.google.firebase:firebase-installations:16.3.5] AndroidManifest.xml:18:13-20:85
106                android:name="com.google.firebase.components:com.google.firebase.installations.FirebaseInstallationsRegistrar"
106-->[com.google.firebase:firebase-installations:16.3.5] AndroidManifest.xml:19:17-127
107                android:value="com.google.firebase.components.ComponentRegistrar" />
107-->[com.google.firebase:firebase-installations:16.3.5] AndroidManifest.xml:20:17-82
108            <meta-data
108-->[com.google.firebase:firebase-datatransport:17.0.10] AndroidManifest.xml:28:13-30:85
109                android:name="com.google.firebase.components:com.google.firebase.datatransport.TransportRegistrar"
109-->[com.google.firebase:firebase-datatransport:17.0.10] AndroidManifest.xml:29:17-115
110                android:value="com.google.firebase.components.ComponentRegistrar" />
110-->[com.google.firebase:firebase-datatransport:17.0.10] AndroidManifest.xml:30:17-82
111            <!--
112                This registrar is not defined in the dynamic-module-support sdk itself to allow non-firebase
113                clients to use it as well, by defining this registrar in their own core/common library.
114            -->
115            <meta-data
115-->[com.google.firebase:firebase-common:19.5.0] AndroidManifest.xml:43:13-45:85
116                android:name="com.google.firebase.components:com.google.firebase.dynamicloading.DynamicLoadingRegistrar"
116-->[com.google.firebase:firebase-common:19.5.0] AndroidManifest.xml:44:17-121
117                android:value="com.google.firebase.components.ComponentRegistrar" />
117-->[com.google.firebase:firebase-common:19.5.0] AndroidManifest.xml:45:17-82
118        </service>
119        <!--
120             FirebaseMessagingService performs security checks at runtime,
121             but set to not exported to explicitly avoid allowing another app to call it.
122        -->
123        <service
123-->[com.google.firebase:firebase-messaging:21.0.1] AndroidManifest.xml:28:9-35:19
124            android:name="com.google.firebase.messaging.FirebaseMessagingService"
124-->[com.google.firebase:firebase-messaging:21.0.1] AndroidManifest.xml:29:13-82
125            android:directBootAware="true"
125-->[com.google.firebase:firebase-messaging:21.0.1] AndroidManifest.xml:30:13-43
126            android:exported="false" >
126-->[com.google.firebase:firebase-messaging:21.0.1] AndroidManifest.xml:31:13-37
127            <intent-filter android:priority="-500" >
127-->[:firebase_messaging] AndroidManifest.xml:9:13-11:29
128                <action android:name="com.google.firebase.MESSAGING_EVENT" />
128-->[:firebase_messaging] AndroidManifest.xml:10:17-78
128-->[:firebase_messaging] AndroidManifest.xml:10:25-75
129            </intent-filter>
130        </service>
131
132        <provider
132-->[:image_picker] AndroidManifest.xml:11:9-19:20
133            android:name="io.flutter.plugins.imagepicker.ImagePickerFileProvider"
133-->[:image_picker] AndroidManifest.xml:12:13-82
134            android:authorities="com.exmaple.huna.flutter.image_provider"
134-->[:image_picker] AndroidManifest.xml:13:13-74
135            android:exported="false"
135-->[:image_picker] AndroidManifest.xml:14:13-37
136            android:grantUriPermissions="true" >
136-->[:image_picker] AndroidManifest.xml:15:13-47
137            <meta-data
137-->[:image_picker] AndroidManifest.xml:16:13-18:75
138                android:name="android.support.FILE_PROVIDER_PATHS"
138-->[:image_picker] AndroidManifest.xml:17:17-67
139                android:resource="@xml/flutter_image_picker_file_paths" />
139-->[:image_picker] AndroidManifest.xml:18:17-72
140        </provider> <!-- Needs to be explicitly declared on P+ -->
141        <uses-library
141-->[com.google.android.gms:play-services-maps:17.0.0] AndroidManifest.xml:33:9-35:40
142            android:name="org.apache.http.legacy"
142-->[com.google.android.gms:play-services-maps:17.0.0] AndroidManifest.xml:34:13-50
143            android:required="false" />
143-->[com.google.android.gms:play-services-maps:17.0.0] AndroidManifest.xml:35:13-37
144
145        <activity
145-->[com.google.firebase:firebase-auth:20.0.1] AndroidManifest.xml:27:9-44:20
146            android:name="com.google.firebase.auth.internal.GenericIdpActivity"
146-->[com.google.firebase:firebase-auth:20.0.1] AndroidManifest.xml:28:13-80
147            android:excludeFromRecents="true"
147-->[com.google.firebase:firebase-auth:20.0.1] AndroidManifest.xml:29:13-46
148            android:exported="true"
148-->[com.google.firebase:firebase-auth:20.0.1] AndroidManifest.xml:30:13-36
149            android:launchMode="singleTask"
149-->[com.google.firebase:firebase-auth:20.0.1] AndroidManifest.xml:31:13-44
150            android:theme="@android:style/Theme.Translucent.NoTitleBar" >
150-->[com.google.firebase:firebase-auth:20.0.1] AndroidManifest.xml:32:13-72
151            <intent-filter>
151-->[com.google.firebase:firebase-auth:20.0.1] AndroidManifest.xml:33:13-43:29
152                <action android:name="android.intent.action.VIEW" />
152-->[com.google.firebase:firebase-auth:20.0.1] AndroidManifest.xml:34:17-69
152-->[com.google.firebase:firebase-auth:20.0.1] AndroidManifest.xml:34:25-66
153
154                <category android:name="android.intent.category.DEFAULT" />
154-->[com.google.firebase:firebase-auth:20.0.1] AndroidManifest.xml:36:17-76
154-->[com.google.firebase:firebase-auth:20.0.1] AndroidManifest.xml:36:27-73
155                <category android:name="android.intent.category.BROWSABLE" />
155-->[com.google.firebase:firebase-auth:20.0.1] AndroidManifest.xml:37:17-78
155-->[com.google.firebase:firebase-auth:20.0.1] AndroidManifest.xml:37:27-75
156
157                <data
157-->[com.google.firebase:firebase-auth:20.0.1] AndroidManifest.xml:39:17-42:51
158                    android:host="firebase.auth"
158-->[com.google.firebase:firebase-auth:20.0.1] AndroidManifest.xml:40:21-49
159                    android:path="/"
159-->[com.google.firebase:firebase-auth:20.0.1] AndroidManifest.xml:41:21-37
160                    android:scheme="genericidp" />
160-->[com.google.firebase:firebase-auth:20.0.1] AndroidManifest.xml:42:21-48
161            </intent-filter>
162        </activity>
163        <activity
163-->[com.google.firebase:firebase-auth:20.0.1] AndroidManifest.xml:45:9-62:20
164            android:name="com.google.firebase.auth.internal.RecaptchaActivity"
164-->[com.google.firebase:firebase-auth:20.0.1] AndroidManifest.xml:46:13-79
165            android:excludeFromRecents="true"
165-->[com.google.firebase:firebase-auth:20.0.1] AndroidManifest.xml:47:13-46
166            android:exported="true"
166-->[com.google.firebase:firebase-auth:20.0.1] AndroidManifest.xml:48:13-36
167            android:launchMode="singleTask"
167-->[com.google.firebase:firebase-auth:20.0.1] AndroidManifest.xml:49:13-44
168            android:theme="@android:style/Theme.Translucent.NoTitleBar" >
168-->[com.google.firebase:firebase-auth:20.0.1] AndroidManifest.xml:50:13-72
169            <intent-filter>
169-->[com.google.firebase:firebase-auth:20.0.1] AndroidManifest.xml:51:13-61:29
170                <action android:name="android.intent.action.VIEW" />
170-->[com.google.firebase:firebase-auth:20.0.1] AndroidManifest.xml:34:17-69
170-->[com.google.firebase:firebase-auth:20.0.1] AndroidManifest.xml:34:25-66
171
172                <category android:name="android.intent.category.DEFAULT" />
172-->[com.google.firebase:firebase-auth:20.0.1] AndroidManifest.xml:36:17-76
172-->[com.google.firebase:firebase-auth:20.0.1] AndroidManifest.xml:36:27-73
173                <category android:name="android.intent.category.BROWSABLE" />
173-->[com.google.firebase:firebase-auth:20.0.1] AndroidManifest.xml:37:17-78
173-->[com.google.firebase:firebase-auth:20.0.1] AndroidManifest.xml:37:27-75
174
175                <data
175-->[com.google.firebase:firebase-auth:20.0.1] AndroidManifest.xml:39:17-42:51
176                    android:host="firebase.auth"
176-->[com.google.firebase:firebase-auth:20.0.1] AndroidManifest.xml:40:21-49
177                    android:path="/"
177-->[com.google.firebase:firebase-auth:20.0.1] AndroidManifest.xml:41:21-37
178                    android:scheme="recaptcha" />
178-->[com.google.firebase:firebase-auth:20.0.1] AndroidManifest.xml:42:21-48
179            </intent-filter>
180        </activity>
181
182        <service
182-->[com.google.firebase:firebase-auth:20.0.1] AndroidManifest.xml:64:9-73:19
183            android:name="com.google.firebase.auth.api.fallback.service.FirebaseAuthFallbackService"
183-->[com.google.firebase:firebase-auth:20.0.1] AndroidManifest.xml:65:13-101
184            android:enabled="true"
184-->[com.google.firebase:firebase-auth:20.0.1] AndroidManifest.xml:66:13-35
185            android:exported="false" >
185-->[com.google.firebase:firebase-auth:20.0.1] AndroidManifest.xml:67:13-37
186            <intent-filter>
186-->[com.google.firebase:firebase-auth:20.0.1] AndroidManifest.xml:68:13-72:29
187                <action android:name="com.google.firebase.auth.api.gms.service.START" />
187-->[com.google.firebase:firebase-auth:20.0.1] AndroidManifest.xml:69:17-89
187-->[com.google.firebase:firebase-auth:20.0.1] AndroidManifest.xml:69:25-86
188
189                <category android:name="android.intent.category.DEFAULT" />
189-->[com.google.firebase:firebase-auth:20.0.1] AndroidManifest.xml:36:17-76
189-->[com.google.firebase:firebase-auth:20.0.1] AndroidManifest.xml:36:27-73
190            </intent-filter>
191        </service>
192
193        <receiver
193-->[com.google.firebase:firebase-iid:21.0.1] AndroidManifest.xml:37:9-44:20
194            android:name="com.google.firebase.iid.FirebaseInstanceIdReceiver"
194-->[com.google.firebase:firebase-iid:21.0.1] AndroidManifest.xml:38:13-78
195            android:exported="true"
195-->[com.google.firebase:firebase-iid:21.0.1] AndroidManifest.xml:39:13-36
196            android:permission="com.google.android.c2dm.permission.SEND" >
196-->[com.google.firebase:firebase-iid:21.0.1] AndroidManifest.xml:40:13-73
197            <intent-filter>
197-->[com.google.firebase:firebase-iid:21.0.1] AndroidManifest.xml:41:13-43:29
198                <action android:name="com.google.android.c2dm.intent.RECEIVE" />
198-->[com.google.firebase:firebase-iid:21.0.1] AndroidManifest.xml:42:17-81
198-->[com.google.firebase:firebase-iid:21.0.1] AndroidManifest.xml:42:25-78
199            </intent-filter>
200        </receiver>
201
202        <activity
202-->[com.google.android.gms:play-services-base:17.2.1] AndroidManifest.xml:23:9-26:75
203            android:name="com.google.android.gms.common.api.GoogleApiActivity"
203-->[com.google.android.gms:play-services-base:17.2.1] AndroidManifest.xml:24:13-79
204            android:exported="false"
204-->[com.google.android.gms:play-services-base:17.2.1] AndroidManifest.xml:25:13-37
205            android:theme="@android:style/Theme.Translucent.NoTitleBar" />
205-->[com.google.android.gms:play-services-base:17.2.1] AndroidManifest.xml:26:13-72
206
207        <provider
207-->[com.google.firebase:firebase-common:19.5.0] AndroidManifest.xml:26:9-31:39
208            android:name="com.google.firebase.provider.FirebaseInitProvider"
208-->[com.google.firebase:firebase-common:19.5.0] AndroidManifest.xml:27:13-77
209            android:authorities="com.exmaple.huna.firebaseinitprovider"
209-->[com.google.firebase:firebase-common:19.5.0] AndroidManifest.xml:28:13-72
210            android:directBootAware="true"
210-->[com.google.firebase:firebase-common:19.5.0] AndroidManifest.xml:29:13-43
211            android:exported="false"
211-->[com.google.firebase:firebase-common:19.5.0] AndroidManifest.xml:30:13-37
212            android:initOrder="100" />
212-->[com.google.firebase:firebase-common:19.5.0] AndroidManifest.xml:31:13-36
213
214        <meta-data
214-->[com.google.android.gms:play-services-basement:17.2.1] AndroidManifest.xml:23:9-25:69
215            android:name="com.google.android.gms.version"
215-->[com.google.android.gms:play-services-basement:17.2.1] AndroidManifest.xml:24:13-58
216            android:value="@integer/google_play_services_version" />
216-->[com.google.android.gms:play-services-basement:17.2.1] AndroidManifest.xml:25:13-66
217
218        <service
218-->[com.google.android.datatransport:transport-backend-cct:2.3.3] AndroidManifest.xml:29:9-35:19
219            android:name="com.google.android.datatransport.runtime.backends.TransportBackendDiscovery"
219-->[com.google.android.datatransport:transport-backend-cct:2.3.3] AndroidManifest.xml:30:13-103
220            android:exported="false" >
220-->[com.google.android.datatransport:transport-backend-cct:2.3.3] AndroidManifest.xml:31:13-37
221            <meta-data
221-->[com.google.android.datatransport:transport-backend-cct:2.3.3] AndroidManifest.xml:32:13-34:39
222                android:name="backend:com.google.android.datatransport.cct.CctBackendFactory"
222-->[com.google.android.datatransport:transport-backend-cct:2.3.3] AndroidManifest.xml:33:17-94
223                android:value="cct" />
223-->[com.google.android.datatransport:transport-backend-cct:2.3.3] AndroidManifest.xml:34:17-36
224        </service>
225        <service
225-->[com.google.android.datatransport:transport-runtime:2.2.5] AndroidManifest.xml:26:9-30:19
226            android:name="com.google.android.datatransport.runtime.scheduling.jobscheduling.JobInfoSchedulerService"
226-->[com.google.android.datatransport:transport-runtime:2.2.5] AndroidManifest.xml:27:13-117
227            android:exported="false"
227-->[com.google.android.datatransport:transport-runtime:2.2.5] AndroidManifest.xml:28:13-37
228            android:permission="android.permission.BIND_JOB_SERVICE" >
228-->[com.google.android.datatransport:transport-runtime:2.2.5] AndroidManifest.xml:29:13-69
229        </service>
230
231        <receiver
231-->[com.google.android.datatransport:transport-runtime:2.2.5] AndroidManifest.xml:32:9-34:40
232            android:name="com.google.android.datatransport.runtime.scheduling.jobscheduling.AlarmManagerSchedulerBroadcastReceiver"
232-->[com.google.android.datatransport:transport-runtime:2.2.5] AndroidManifest.xml:33:13-132
233            android:exported="false" />
233-->[com.google.android.datatransport:transport-runtime:2.2.5] AndroidManifest.xml:34:13-37
234    </application>
235
236</manifest>